<?xml version="1.0" encoding="UTF-8"?>
<!-- Generated by org.testng.reporters.JUnitXMLReporter -->
<testsuite hostname="QAP22-PC" ignored="0" name="different browser" tests="1" failures="1" timestamp="17 Apr 2018 12:03:45 GMT" time="0.016" errors="0">
  <testcase name="verifypagetitle" time="0.0" classname="selprog.parallelexecutiontestng1">
    <failure type="org.testng.TestNGException" message="
Parameter &amp;apos;browserName&amp;apos; is required by @Test on method verifypagetitle but has not been marked @Optional or defined
in D:\swathireddy\BasicSeleniumprogrames\sample.xml">
      <![CDATA[org.testng.TestNGException: 
Parameter 'browserName' is required by @Test on method verifypagetitle but has not been marked @Optional or defined
in D:\swathireddy\BasicSeleniumprogrames\sample.xml
... Removed 23 stack frames]]>
    </failure>
  </testcase> <!-- verifypagetitle -->
</testsuite> <!-- different browser -->
